{
  "RSpec": {
    "coverage": {
      "/Users/michael/Development/openstax_salesforce_api/spec/integration/v1/books_spec.rb": {
        "lines": [
          1,
          null,
          1,
          1,
          1,
          1,
          1,
          1,
          null,
          null,
          null,
          null,
          null,
          null,
          null,
          null,
          null,
          1,
          2,
          1,
          null,
          null,
          null,
          null,
          1,
          null,
          1,
          1,
          1,
          1,
          null,
          1,
          1,
          null,
          null,
          null,
          null,
          null,
          null,
          null,
          null,
          2,
          1,
          null,
          null,
          1,
          2,
          1,
          null,
          null,
          null,
          null
        ]
      },
      "/Users/michael/Development/openstax_salesforce_api/spec/swagger_helper.rb": {
        "lines": [
          null,
          null,
          1,
          null,
          1,
          null,
          null,
          null,
          1,
          null,
          null,
          null,
          null,
          null,
          null,
          null,
          1,
          null,
          null,
          null,
          null,
          null,
          null,
          null,
          null,
          null,
          null,
          null,
          null,
          null,
          null,
          null,
          null,
          null,
          null,
          null,
          null,
          null,
          null,
          null,
          null,
          1,
          null
        ]
      },
      "/Users/michael/Development/openstax_salesforce_api/spec/rails_helper.rb": {
        "lines": [
          null,
          1,
          1,
          1,
          null,
          1,
          1,
          null,
          1,
          1,
          null,
          null,
          null,
          null,
          null,
          null,
          null,
          null,
          null,
          null,
          null,
          null,
          null,
          null,
          null,
          null,
          null,
          null,
          1,
          null,
          0,
          0,
          null,
          1,
          null,
          1,
          null,
          null,
          null,
          null,
          null,
          null,
          null,
          null,
          null,
          null,
          null,
          null,
          null,
          null,
          null,
          null,
          null,
          null,
          null,
          null,
          null,
          null,
          1,
          null,
          null,
          1,
          null,
          null,
          null,
          1,
          1,
          null
        ]
      },
      "/Users/michael/Development/openstax_salesforce_api/config/environment.rb": {
        "lines": [
          null,
          1,
          null,
          null,
          1
        ]
      },
      "/Users/michael/Development/openstax_salesforce_api/config/application.rb": {
        "lines": [
          1,
          null,
          1,
          null,
          1,
          1,
          1,
          1,
          1,
          1,
          1,
          1,
          1,
          1,
          null,
          1,
          null,
          null,
          null,
          1,
          null,
          1,
          1,
          null,
          1,
          null,
          null,
          null,
          null,
          null,
          null,
          null,
          null,
          null,
          1,
          null,
          null
        ]
      },
      "/Users/michael/Development/openstax_salesforce_api/config/boot.rb": {
        "lines": [
          1,
          null,
          1,
          1
        ]
      },
      "/Users/michael/Development/openstax_salesforce_api/config/spring.rb": {
        "lines": [
          1,
          null,
          null,
          null,
          null,
          null
        ]
      },
      "/Users/michael/Development/openstax_salesforce_api/config/environments/test.rb": {
        "lines": [
          null,
          null,
          null,
          null,
          null,
          1,
          null,
          null,
          1,
          1,
          null,
          null,
          null,
          null,
          1,
          null,
          null,
          1,
          1,
          null,
          null,
          null,
          null,
          1,
          1,
          1,
          null,
          null,
          1,
          null,
          null,
          1,
          null,
          null,
          1,
          null,
          1,
          null,
          null,
          null,
          null,
          1,
          null,
          null,
          1,
          null,
          null,
          null,
          null
        ]
      },
      "/Users/michael/Development/openstax_salesforce_api/config/initializers/application_controller_renderer.rb": {
        "lines": [
          null,
          null,
          null,
          null,
          null,
          null,
          null,
          null
        ]
      },
      "/Users/michael/Development/openstax_salesforce_api/config/initializers/backtrace_silencers.rb": {
        "lines": [
          null,
          null,
          null,
          null,
          null,
          null,
          null
        ]
      },
      "/Users/michael/Development/openstax_salesforce_api/config/initializers/cors.rb": {
        "lines": [
          null,
          null,
          null,
          null,
          null,
          null,
          null,
          null,
          null,
          null,
          null,
          null,
          null,
          null,
          null,
          null
        ]
      },
      "/Users/michael/Development/openstax_salesforce_api/config/initializers/filter_parameter_logging.rb": {
        "lines": [
          null,
          null,
          null,
          1
        ]
      },
      "/Users/michael/Development/openstax_salesforce_api/config/initializers/inflections.rb": {
        "lines": [
          null,
          null,
          null,
          null,
          null,
          null,
          null,
          null,
          null,
          null,
          null,
          null,
          null,
          null,
          null,
          null
        ]
      },
      "/Users/michael/Development/openstax_salesforce_api/config/initializers/mime_types.rb": {
        "lines": [
          null,
          null,
          null,
          null
        ]
      },
      "/Users/michael/Development/openstax_salesforce_api/config/initializers/rswag-ui.rb": {
        "lines": [
          1,
          null,
          null,
          null,
          null,
          null,
          null,
          null,
          1,
          null,
          null,
          null,
          null,
          null
        ]
      },
      "/Users/michael/Development/openstax_salesforce_api/config/initializers/rswag_api.rb": {
        "lines": [
          1,
          null,
          null,
          null,
          null,
          null,
          1,
          null,
          null,
          null,
          null,
          null,
          null,
          null
        ]
      },
      "/Users/michael/Development/openstax_salesforce_api/config/initializers/wrap_parameters.rb": {
        "lines": [
          null,
          null,
          null,
          null,
          null,
          null,
          1,
          2,
          null,
          null,
          null,
          null,
          null,
          null
        ]
      },
      "/Users/michael/Development/openstax_salesforce_api/config/routes.rb": {
        "lines": [
          1,
          1,
          1,
          1,
          1,
          null,
          null,
          null,
          null,
          null,
          1,
          1,
          1,
          1,
          1,
          1,
          1,
          null,
          null,
          null,
          null
        ]
      },
      "/Users/michael/Development/openstax_salesforce_api/spec/support/factory_bot.rb": {
        "lines": [
          1,
          null,
          1,
          1,
          null,
          null,
          null,
          1,
          1,
          null,
          1,
          1,
          null,
          null
        ]
      },
      "/Users/michael/Development/openstax_salesforce_api/spec/integration/v1/campaigns_spec.rb": {
        "lines": [
          1,
          null,
          1,
          1,
          1,
          1,
          1,
          1,
          null,
          null,
          null,
          null,
          null,
          null,
          null,
          null,
          null,
          null,
          1,
          2,
          1,
          null,
          null,
          null,
          null,
          1,
          null,
          1,
          1,
          1,
          1,
          null,
          1,
          1,
          null,
          null,
          null,
          null,
          null,
          null,
          null,
          null,
          null,
          2,
          1,
          null,
          null,
          1,
          2,
          1,
          null,
          null,
          null,
          null
        ]
      },
      "/Users/michael/Development/openstax_salesforce_api/spec/integration/v1/contacts_spec.rb": {
        "lines": [
          1,
          null,
          1,
          1,
          1,
          1,
          1,
          1,
          null,
          null,
          null,
          null,
          null,
          null,
          null,
          null,
          null,
          null,
          null,
          null,
          null,
          null,
          null,
          null,
          null,
          null,
          null,
          null,
          null,
          null,
          null,
          1,
          2,
          1,
          null,
          null,
          null,
          null,
          1,
          null,
          1,
          1,
          1,
          1,
          null,
          1,
          1,
          null,
          null,
          null,
          null,
          null,
          null,
          null,
          null,
          null,
          null,
          null,
          null,
          null,
          null,
          null,
          null,
          null,
          null,
          null,
          null,
          null,
          null,
          2,
          1,
          null,
          null,
          1,
          2,
          1,
          null,
          null,
          null,
          null
        ]
      },
      "/Users/michael/Development/openstax_salesforce_api/spec/integration/v1/leads_spec.rb": {
        "lines": [
          1,
          null,
          1,
          1,
          1,
          1,
          1,
          1,
          null,
          null,
          null,
          null,
          null,
          null,
          null,
          null,
          null,
          null,
          null,
          null,
          null,
          null,
          null,
          null,
          null,
          null,
          null,
          null,
          null,
          null,
          null,
          null,
          null,
          null,
          null,
          null,
          null,
          null,
          1,
          1,
          1,
          null,
          null,
          null,
          null,
          1,
          null,
          1,
          1,
          1,
          1,
          null,
          1,
          1,
          null,
          null,
          null,
          null,
          null,
          null,
          null,
          null,
          null,
          null,
          null,
          null,
          null,
          null,
          null,
          null,
          null,
          null,
          null,
          null,
          null,
          null,
          null,
          null,
          null,
          null,
          null,
          null,
          null,
          2,
          1,
          null,
          null,
          1,
          2,
          1,
          null,
          null,
          null,
          null
        ]
      },
      "/Users/michael/Development/openstax_salesforce_api/spec/integration/v1/schools_spec.rb": {
        "lines": [
          1,
          null,
          1,
          1,
          1,
          1,
          1,
          1,
          null,
          null,
          null,
          null,
          null,
          null,
          null,
          null,
          null,
          null,
          null,
          null,
          null,
          1,
          2,
          1,
          null,
          null,
          null,
          null,
          1,
          null,
          1,
          1,
          1,
          1,
          null,
          1,
          1,
          null,
          null,
          null,
          null,
          null,
          null,
          null,
          null,
          null,
          null,
          null,
          null,
          2,
          1,
          null,
          null,
          1,
          2,
          1,
          null,
          null,
          null,
          null
        ]
      },
      "/Users/michael/Development/openstax_salesforce_api/spec/lib/update_books_from_salesforce_spec.rb": {
        "lines": [
          1,
          1,
          null,
          1,
          2,
          null,
          1,
          1,
          1,
          null,
          1,
          null,
          null,
          1,
          1,
          null,
          null
        ]
      },
      "/Users/michael/Development/openstax_salesforce_api/lib/update_books_from_salesforce.rb": {
        "lines": [
          1,
          1,
          0,
          null,
          null,
          1,
          0,
          0,
          null,
          null,
          1,
          0,
          null,
          null,
          null,
          null,
          1,
          1,
          12,
          12,
          12,
          null,
          12,
          null,
          null,
          null
        ]
      },
      "/Users/michael/Development/openstax_salesforce_api/spec/lib/update_campaign_members_from_salesforce_spec.rb": {
        "lines": [
          1,
          1,
          null,
          1,
          2,
          null,
          1,
          1,
          1,
          null,
          1,
          null,
          null,
          1,
          1,
          null,
          null
        ]
      },
      "/Users/michael/Development/openstax_salesforce_api/lib/update_campaign_members_from_salesforce.rb": {
        "lines": [
          1,
          1,
          0,
          null,
          null,
          1,
          0,
          0,
          null,
          null,
          1,
          0,
          null,
          null,
          null,
          null,
          null,
          null,
          null,
          null,
          null,
          1,
          1,
          12,
          12,
          12,
          12,
          12,
          12,
          12,
          12,
          12,
          12,
          12,
          12,
          12,
          12,
          12,
          12,
          12,
          12,
          12,
          12,
          12,
          12,
          12,
          12,
          12,
          12,
          null,
          12,
          null,
          null,
          null
        ]
      },
      "/Users/michael/Development/openstax_salesforce_api/spec/lib/update_campaigns_from_salesforce_spec.rb": {
        "lines": [
          1,
          1,
          null,
          1,
          2,
          null,
          1,
          1,
          1,
          null,
          1,
          null,
          null,
          1,
          1,
          null,
          null
        ]
      },
      "/Users/michael/Development/openstax_salesforce_api/lib/update_campaigns_from_salesforce.rb": {
        "lines": [
          1,
          1,
          0,
          null,
          null,
          1,
          0,
          0,
          null,
          null,
          1,
          0,
          null,
          null,
          null,
          null,
          1,
          1,
          12,
          12,
          12,
          12,
          null,
          12,
          null,
          null,
          null
        ]
      },
      "/Users/michael/Development/openstax_salesforce_api/spec/lib/update_contacts_from_salesforce_spec.rb": {
        "lines": [
          1,
          1,
          null,
          1,
          2,
          null,
          1,
          1,
          1,
          null,
          1,
          null,
          null,
          1,
          1,
          null,
          null
        ]
      },
      "/Users/michael/Development/openstax_salesforce_api/lib/update_contacts_from_salesforce.rb": {
        "lines": [
          1,
          1,
          0,
          null,
          null,
          1,
          0,
          0,
          null,
          null,
          1,
          0,
          null,
          null,
          null,
          null,
          null,
          null,
          1,
          1,
          12,
          12,
          12,
          12,
          12,
          12,
          12,
          12,
          12,
          12,
          12,
          12,
          12,
          12,
          12,
          12,
          12,
          null,
          12,
          null,
          null,
          null
        ]
      },
      "/Users/michael/Development/openstax_salesforce_api/spec/lib/update_leads_from_salesforce_spec.rb": {
        "lines": [
          1,
          1,
          null,
          1,
          2,
          null,
          1,
          1,
          1,
          null,
          1,
          null,
          null,
          1,
          1,
          null,
          null
        ]
      },
      "/Users/michael/Development/openstax_salesforce_api/lib/update_leads_from_salesforce.rb": {
        "lines": [
          1,
          1,
          0,
          null,
          null,
          1,
          0,
          0,
          null,
          null,
          1,
          0,
          null,
          null,
          null,
          null,
          null,
          null,
          null,
          null,
          1,
          null,
          null,
          1,
          12,
          12,
          12,
          12,
          12,
          12,
          12,
          12,
          12,
          12,
          12,
          12,
          12,
          12,
          12,
          12,
          12,
          12,
          12,
          12,
          12,
          12,
          12,
          12,
          null,
          12,
          null,
          null,
          null,
          null
        ]
      },
      "/Users/michael/Development/openstax_salesforce_api/spec/lib/update_opportunities_from_salesforce_spec.rb": {
        "lines": [
          1,
          1,
          null,
          1,
          2,
          null,
          1,
          1,
          1,
          null,
          1,
          null,
          null,
          1,
          1,
          null,
          null
        ]
      },
      "/Users/michael/Development/openstax_salesforce_api/lib/update_opportunities_from_salesforce.rb": {
        "lines": [
          1,
          1,
          0,
          null,
          null,
          1,
          0,
          0,
          null,
          null,
          1,
          0,
          null,
          null,
          null,
          null,
          1,
          1,
          12,
          12,
          12,
          12,
          12,
          12,
          null,
          12,
          null,
          null,
          null
        ]
      },
      "/Users/michael/Development/openstax_salesforce_api/spec/lib/update_schools_from_salesforce_spec.rb": {
        "lines": [
          1,
          1,
          null,
          1,
          2,
          null,
          1,
          1,
          1,
          null,
          1,
          null,
          null,
          1,
          1,
          null,
          null
        ]
      },
      "/Users/michael/Development/openstax_salesforce_api/lib/update_schools_from_salesforce.rb": {
        "lines": [
          1,
          1,
          0,
          null,
          null,
          1,
          0,
          0,
          null,
          null,
          1,
          0,
          null,
          null,
          null,
          null,
          1,
          1,
          12,
          12,
          12,
          12,
          12,
          12,
          12,
          null,
          12,
          null,
          null,
          null
        ]
      },
      "/Users/michael/Development/openstax_salesforce_api/spec/models/book_spec.rb": {
        "lines": [
          1,
          null,
          1,
          2,
          2,
          null,
          1,
          1,
          1,
          null,
          null,
          null
        ]
      },
      "/Users/michael/Development/openstax_salesforce_api/app/models/book.rb": {
        "lines": [
          1,
          1,
          null
        ]
      },
      "/Users/michael/Development/openstax_salesforce_api/app/models/application_record.rb": {
        "lines": [
          1,
          1,
          null
        ]
      },
      "/Users/michael/Development/openstax_salesforce_api/spec/models/campaign_member_spec.rb": {
        "lines": [
          1,
          null,
          1,
          2,
          2,
          null,
          1,
          1,
          1,
          null,
          null,
          null
        ]
      },
      "/Users/michael/Development/openstax_salesforce_api/app/models/campaign_member.rb": {
        "lines": [
          1,
          1,
          null
        ]
      },
      "/Users/michael/Development/openstax_salesforce_api/spec/models/campaign_spec.rb": {
        "lines": [
          1,
          null,
          1,
          2,
          2,
          null,
          1,
          1,
          1,
          null,
          null,
          null
        ]
      },
      "/Users/michael/Development/openstax_salesforce_api/app/models/campaign.rb": {
        "lines": [
          1,
          1,
          null
        ]
      },
      "/Users/michael/Development/openstax_salesforce_api/spec/models/contact_spec.rb": {
        "lines": [
          1,
          null,
          1,
          2,
          2,
          null,
          1,
          1,
          1,
          null,
          null,
          null
        ]
      },
      "/Users/michael/Development/openstax_salesforce_api/app/models/contact.rb": {
        "lines": [
          1,
          1,
          null,
          null
        ]
      },
      "/Users/michael/Development/openstax_salesforce_api/spec/models/opportunity_spec.rb": {
        "lines": [
          1,
          null,
          1,
          2,
          2,
          null,
          1,
          1,
          1,
          null,
          null,
          null
        ]
      },
      "/Users/michael/Development/openstax_salesforce_api/app/models/opportunity.rb": {
        "lines": [
          1,
          1,
          null
        ]
      },
      "/Users/michael/Development/openstax_salesforce_api/spec/models/school_spec.rb": {
        "lines": [
          1,
          null,
          1,
          2,
          2,
          null,
          1,
          1,
          1,
          null,
          null,
          null
        ]
      },
      "/Users/michael/Development/openstax_salesforce_api/app/models/school.rb": {
        "lines": [
          1,
          1,
          null
        ]
      },
      "/Users/michael/Development/openstax_salesforce_api/spec/requests/books_request_spec.rb": {
        "lines": [
          1,
          null,
          1,
          null,
          1,
          1,
          1,
          0,
          null,
          null,
          1,
          1,
          1,
          1,
          1,
          null,
          null
        ]
      },
      "/Users/michael/Development/openstax_salesforce_api/spec/requests/campaign_members_request_spec.rb": {
        "lines": [
          1,
          null,
          1,
          null,
          1,
          1,
          1,
          1,
          null,
          null,
          1,
          1,
          1,
          1,
          1,
          null,
          null
        ]
      },
      "/Users/michael/Development/openstax_salesforce_api/spec/requests/campaigns_request_spec.rb": {
        "lines": [
          1,
          null,
          1,
          null,
          1,
          1,
          1,
          0,
          null,
          null,
          1,
          1,
          1,
          1,
          1,
          null,
          null
        ]
      },
      "/Users/michael/Development/openstax_salesforce_api/spec/requests/contacts_request_spec.rb": {
        "lines": [
          1,
          null,
          1,
          null,
          1,
          1,
          1,
          0,
          null,
          null,
          1,
          1,
          1,
          1,
          1,
          null,
          null
        ]
      },
      "/Users/michael/Development/openstax_salesforce_api/spec/requests/leads_request_spec.rb": {
        "lines": [
          1,
          null,
          1,
          null,
          1,
          1,
          1,
          0,
          null,
          null,
          1,
          1,
          1,
          1,
          1,
          null,
          null
        ]
      },
      "/Users/michael/Development/openstax_salesforce_api/spec/requests/opportunities_request_spec.rb": {
        "lines": [
          1,
          null,
          1,
          null,
          1,
          1,
          1,
          null,
          null,
          1,
          1,
          1,
          1,
          1,
          null,
          null,
          null
        ]
      },
      "/Users/michael/Development/openstax_salesforce_api/spec/requests/schools_request_spec.rb": {
        "lines": [
          1,
          null,
          1,
          null,
          1,
          1,
          1,
          null,
          null,
          1,
          1,
          1,
          1,
          0,
          null,
          null,
          null
        ]
      },
      "/Users/michael/Development/openstax_salesforce_api/spec/factories/books.rb": {
        "lines": [
          1,
          null,
          1,
          1,
          1,
          15,
          15,
          null,
          null,
          null
        ]
      },
      "/Users/michael/Development/openstax_salesforce_api/spec/factories/campaign_members.rb": {
        "lines": [
          1,
          null,
          1,
          1,
          1,
          14,
          14,
          14,
          14,
          14,
          14,
          14,
          14,
          14,
          14,
          14,
          14,
          14,
          14,
          14,
          14,
          14,
          14,
          14,
          14,
          14,
          14,
          14,
          14,
          14,
          null,
          null,
          null
        ]
      },
      "/Users/michael/Development/openstax_salesforce_api/spec/factories/campaigns.rb": {
        "lines": [
          1,
          null,
          1,
          1,
          1,
          15,
          15,
          15,
          null,
          null,
          null,
          null
        ]
      },
      "/Users/michael/Development/openstax_salesforce_api/spec/factories/contacts.rb": {
        "lines": [
          1,
          null,
          1,
          1,
          1,
          15,
          15,
          15,
          15,
          15,
          15,
          15,
          15,
          15,
          15,
          15,
          15,
          15,
          15,
          15,
          null,
          null
        ]
      },
      "/Users/michael/Development/openstax_salesforce_api/spec/factories/leads.rb": {
        "lines": [
          1,
          null,
          1,
          1,
          1,
          13,
          13,
          13,
          13,
          13,
          13,
          13,
          13,
          13,
          13,
          13,
          13,
          13,
          13,
          13,
          13,
          13,
          13,
          13,
          13,
          13,
          13,
          13,
          null,
          null
        ]
      },
      "/Users/michael/Development/openstax_salesforce_api/spec/factories/opportunities.rb": {
        "lines": [
          1,
          null,
          1,
          1,
          1,
          14,
          14,
          14,
          14,
          1,
          null,
          null
        ]
      },
      "/Users/michael/Development/openstax_salesforce_api/spec/factories/schools.rb": {
        "lines": [
          1,
          null,
          1,
          1,
          1,
          15,
          15,
          15,
          15,
          null,
          null,
          1,
          1,
          null,
          null,
          1,
          1,
          null,
          null,
          null
        ]
      },
      "/Users/michael/Development/openstax_salesforce_api/app/controllers/application_controller.rb": {
        "lines": [
          1,
          null
        ]
      },
      "/Users/michael/Development/openstax_salesforce_api/app/controllers/api/v1/books_controller.rb": {
        "lines": [
          1,
          null,
          null,
          1,
          2,
          2,
          null,
          null,
          null,
          1,
          null,
          3,
          3,
          0,
          0,
          null,
          null,
          null,
          null,
          null
        ]
      },
      "/Users/michael/Development/openstax_salesforce_api/app/controllers/api/v1/campaigns_controller.rb": {
        "lines": [
          1,
          null,
          null,
          1,
          2,
          2,
          null,
          null,
          null,
          1,
          null,
          3,
          3,
          0,
          0,
          null,
          null,
          null,
          null,
          null
        ]
      },
      "/Users/michael/Development/openstax_salesforce_api/app/controllers/api/v1/contacts_controller.rb": {
        "lines": [
          1,
          null,
          null,
          1,
          2,
          2,
          null,
          null,
          null,
          1,
          null,
          3,
          3,
          0,
          0,
          null,
          null,
          null,
          null,
          null
        ]
      },
      "/Users/michael/Development/openstax_salesforce_api/app/models/lead.rb": {
        "lines": [
          1,
          1,
          null
        ]
      },
      "/Users/michael/Development/openstax_salesforce_api/app/controllers/api/v1/leads_controller.rb": {
        "lines": [
          1,
          null,
          null,
          1,
          1,
          1,
          null,
          null,
          null,
          1,
          null,
          3,
          3,
          0,
          0,
          null,
          null,
          null,
          null,
          null
        ]
      },
      "/Users/michael/Development/openstax_salesforce_api/app/controllers/api/v1/schools_controller.rb": {
        "lines": [
          1,
          null,
          null,
          1,
          2,
          2,
          null,
          null,
          null,
          1,
          null,
          3,
          2,
          1,
          1,
          null,
          null,
          null,
          null,
          null
        ]
      },
      "/Users/michael/Development/openstax_salesforce_api/app/controllers/api/v1/campaign_members_controller.rb": {
        "lines": [
          1,
          null,
          null,
          1,
          1,
          1,
          null,
          null,
          null,
          1,
          null,
          1,
          1,
          0,
          0,
          null,
          null,
          null,
          null,
          null
        ]
      },
      "/Users/michael/Development/openstax_salesforce_api/app/controllers/api/v1/opportunities_controller.rb": {
        "lines": [
          1,
          null,
          null,
          1,
          1,
          1,
          null,
          null,
          null,
          1,
          null,
          1,
          1,
          0,
          0,
          null,
          null,
          null,
          null,
          null
        ]
      }
    },
    "timestamp": 1598886863
  }
}
